
The following is logged from get_action_title()
in C:\xampp\htdocs\wordpress\wp-content\plugins\simply-schedule-appointments\includes\class-revision-model.php line 734:

... insert_revision_appointment_type()
in C:\xampp\htdocs\wordpress\wp-content\plugins\simply-schedule-appointments\includes\class-revision-model.php line 1020:

...... insert_revision_updated_appointment_type()
in C:\xampp\htdocs\wordpress\wp-content\plugins\simply-schedule-appointments\includes\class-revision-model.php line 1112:
[2023-11-22 18:53:50] Action does not exist in get_action_title


The following is logged from get_action_title()
in C:\xampp\htdocs\wordpress\wp-content\plugins\simply-schedule-appointments\includes\class-revision-model.php line 734:

... insert_revision_appointment_type()
in C:\xampp\htdocs\wordpress\wp-content\plugins\simply-schedule-appointments\includes\class-revision-model.php line 1020:

...... insert_revision_updated_appointment_type()
in C:\xampp\htdocs\wordpress\wp-content\plugins\simply-schedule-appointments\includes\class-revision-model.php line 1112:
[2023-11-22 18:53:50] Action does not exist in get_action_title


The following is logged from get_action_title()
in C:\xampp\htdocs\wordpress\wp-content\plugins\simply-schedule-appointments\includes\class-revision-model.php line 734:

... insert_revision_appointment_type()
in C:\xampp\htdocs\wordpress\wp-content\plugins\simply-schedule-appointments\includes\class-revision-model.php line 1020:

...... insert_revision_updated_appointment_type()
in C:\xampp\htdocs\wordpress\wp-content\plugins\simply-schedule-appointments\includes\class-revision-model.php line 1112:
[2023-11-22 18:54:00] Action does not exist in get_action_title


The following is logged from get_action_title()
in C:\xampp\htdocs\wordpress\wp-content\plugins\simply-schedule-appointments\includes\class-revision-model.php line 734:

... insert_revision_appointment_type()
in C:\xampp\htdocs\wordpress\wp-content\plugins\simply-schedule-appointments\includes\class-revision-model.php line 1020:

...... insert_revision_updated_appointment_type()
in C:\xampp\htdocs\wordpress\wp-content\plugins\simply-schedule-appointments\includes\class-revision-model.php line 1112:
[2023-11-22 18:54:00] Action does not exist in get_action_title


The following is logged from get_action_title()
in C:\xampp\htdocs\wordpress\wp-content\plugins\simply-schedule-appointments\includes\class-revision-model.php line 734:

... insert_revision_appointment_type()
in C:\xampp\htdocs\wordpress\wp-content\plugins\simply-schedule-appointments\includes\class-revision-model.php line 1020:

...... insert_revision_updated_appointment_type()
in C:\xampp\htdocs\wordpress\wp-content\plugins\simply-schedule-appointments\includes\class-revision-model.php line 1112:
[2023-11-22 18:54:06] Action does not exist in get_action_title


The following is logged from get_action_title()
in C:\xampp\htdocs\wordpress\wp-content\plugins\simply-schedule-appointments\includes\class-revision-model.php line 734:

... insert_revision_appointment_type()
in C:\xampp\htdocs\wordpress\wp-content\plugins\simply-schedule-appointments\includes\class-revision-model.php line 1020:

...... insert_revision_updated_appointment_type()
in C:\xampp\htdocs\wordpress\wp-content\plugins\simply-schedule-appointments\includes\class-revision-model.php line 1112:
[2023-11-22 18:54:06] Action does not exist in get_action_title


The following is logged from get_action_title()
in C:\xampp\htdocs\wordpress\wp-content\plugins\simply-schedule-appointments\includes\class-revision-model.php line 734:

... insert_revision_appointment_type()
in C:\xampp\htdocs\wordpress\wp-content\plugins\simply-schedule-appointments\includes\class-revision-model.php line 1020:

...... insert_revision_updated_appointment_type()
in C:\xampp\htdocs\wordpress\wp-content\plugins\simply-schedule-appointments\includes\class-revision-model.php line 1112:
[2023-11-22 18:54:12] Action does not exist in get_action_title


The following is logged from get_action_title()
in C:\xampp\htdocs\wordpress\wp-content\plugins\simply-schedule-appointments\includes\class-revision-model.php line 734:

... insert_revision_appointment_type()
in C:\xampp\htdocs\wordpress\wp-content\plugins\simply-schedule-appointments\includes\class-revision-model.php line 1020:

...... insert_revision_updated_appointment_type()
in C:\xampp\htdocs\wordpress\wp-content\plugins\simply-schedule-appointments\includes\class-revision-model.php line 1112:
[2023-11-22 18:54:12] Action does not exist in get_action_title


The following is logged from get_action_title()
in C:\xampp\htdocs\wordpress\wp-content\plugins\simply-schedule-appointments\includes\class-revision-model.php line 734:

... insert_revision_appointment_type()
in C:\xampp\htdocs\wordpress\wp-content\plugins\simply-schedule-appointments\includes\class-revision-model.php line 1020:

...... insert_revision_updated_appointment_type()
in C:\xampp\htdocs\wordpress\wp-content\plugins\simply-schedule-appointments\includes\class-revision-model.php line 1112:
[2023-11-22 18:54:18] Action does not exist in get_action_title


The following is logged from get_action_title()
in C:\xampp\htdocs\wordpress\wp-content\plugins\simply-schedule-appointments\includes\class-revision-model.php line 734:

... insert_revision_appointment_type()
in C:\xampp\htdocs\wordpress\wp-content\plugins\simply-schedule-appointments\includes\class-revision-model.php line 1020:

...... insert_revision_updated_appointment_type()
in C:\xampp\htdocs\wordpress\wp-content\plugins\simply-schedule-appointments\includes\class-revision-model.php line 1112:
[2023-11-22 18:54:18] Action does not exist in get_action_title

